2021-05-12 08:05:36.996 - INFO - 10293 - azureml.train.automl._experiment_drivers.driver_utilities.modify_run_configuration:199 - Package azureml-train-automl missing from dependencies file.
2021-05-12 08:05:36.997 - INFO - 10293 - azureml.train.automl._experiment_drivers.driver_utilities.modify_run_configuration:205 - Using pinned version: azureml-train-automl==1.27.0.*
2021-05-12 08:05:36.997 - INFO - 10293 - azureml.train.automl._experiment_drivers.driver_utilities.modify_run_configuration:199 - Package pandas missing from dependencies file.
2021-05-12 08:05:36.997 - INFO - 10293 - azureml.train.automl._experiment_drivers.driver_utilities.modify_run_configuration:205 - Using pinned version: pandas==0.25.1
2021-05-12 08:05:36.998 - INFO - 10293 - azureml.train.automl._experiment_drivers.driver_utilities.modify_run_configuration:199 - Package psutil missing from dependencies file.
2021-05-12 08:05:36.999 - INFO - 10293 - azureml.train.automl._experiment_drivers.driver_utilities.modify_run_configuration:205 - Using pinned version: psutil>5.0.0,<6.0.0
2021-05-12 08:05:36.999 - INFO - 10293 - azureml.train.automl._experiment_drivers.driver_utilities.modify_run_configuration:199 - Package scikit-learn missing from dependencies file.
2021-05-12 08:05:36.999 - INFO - 10293 - azureml.train.automl._experiment_drivers.driver_utilities.modify_run_configuration:205 - Using pinned version: scikit-learn==0.22.1
2021-05-12 08:05:37.000 - INFO - 10293 - azureml.train.automl._experiment_drivers.driver_utilities.modify_run_configuration:199 - Package numpy missing from dependencies file.
2021-05-12 08:05:37.000 - INFO - 10293 - azureml.train.automl._experiment_drivers.driver_utilities.modify_run_configuration:205 - Using pinned version: numpy~=1.18.0
2021-05-12 08:05:37.000 - INFO - 10293 - azureml.train.automl._experiment_drivers.driver_utilities.modify_run_configuration:199 - Package py-xgboost missing from dependencies file.
2021-05-12 08:05:37.000 - INFO - 10293 - azureml.train.automl._experiment_drivers.driver_utilities.modify_run_configuration:205 - Using pinned version: py-xgboost<=0.90
2021-05-12 08:05:37.001 - INFO - 10293 - azureml.train.automl._experiment_drivers.driver_utilities.modify_run_configuration:199 - Package inference-schema missing from dependencies file.
2021-05-12 08:05:37.001 - INFO - 10293 - azureml.train.automl._experiment_drivers.driver_utilities.modify_run_configuration:199 - Package fbprophet missing from dependencies file.
2021-05-12 08:05:37.002 - INFO - 10293 - azureml.train.automl._experiment_drivers.driver_utilities.modify_run_configuration:205 - Using pinned version: fbprophet==0.5
2021-05-12 08:05:37.002 - INFO - 10293 - azureml.train.automl._experiment_drivers.driver_utilities.modify_run_configuration:199 - Package setuptools-git missing from dependencies file.
2021-05-12 08:05:37.002 - INFO - 10293 - azureml.train.automl._experiment_drivers.driver_utilities.modify_run_configuration:209 - Using installed version: setuptools-git==1.2
2021-05-12 08:05:37.005 - INFO - 10293 - azureml.automl.core.dataset_utilities._save_datasets_to_json:131 - JSON serialization of input of type <class 'NoneType'> is un-supported.
2021-05-12 08:05:37.005 - INFO - 10293 - azureml.automl.core.dataset_utilities._save_datasets_to_json:131 - JSON serialization of input of type <class 'NoneType'> is un-supported.
2021-05-12 08:05:37.007 - INFO - 10293 - azureml.train.automl._experiment_drivers.driver_utilities.validate_input:124 - Start data validation.
2021-05-12 08:05:38.471 - INFO - 10293 - azureml.train.automl._experiment_drivers.driver_utilities.validate_input:137 - Validation service found the data has no errors.
2021-05-12 08:05:38.472 - INFO - 10293 - azureml.train.automl._experiment_drivers.driver_utilities.create_remote_parent_run:381 - Start creating parent run.
2021-05-12 08:05:38.729 - INFO - 10293 - azureml.train.automl._experiment_drivers.driver_utilities.create_remote_parent_run:401 - [ParentRunID:AutoML_ff688dad-3209-4522-a54b-3bb5e88c928e] Remote run using input X and y.
2021-05-12 08:05:38.797 - INFO - 10293 - azureml.train.automl._experiment_drivers.driver_utilities.start_remote_run:336 - Starting a snapshot run (snapshot_id : None)
